idx  p-p c#0 l#0      p-d      p-d (w/o μ)   dx
--- ------------ ------------ ------------ ------
  0 5.293381e-01 5.293381e-01 5.293381e-01    0.1
  1 5.285057e-01 5.285057e-01 5.285057e-01    0.1
  2 5.276816e-01 5.276816e-01 5.276816e-01    0.1
  3 5.217755e-01 5.217755e-01 5.217755e-01    0.1
  4 5.204635e-01 5.204635e-01 5.204635e-01    0.1
  5 5.036694e-01 5.036694e-01 5.036694e-01    0.1
  6 4.932252e-01 4.932252e-01 4.932252e-01    0.1
  7 4.701121e-01 4.701121e-01 4.701121e-01    0.1
  8 4.416518e-01 4.416518e-01 4.416518e-01    0.1
  9 4.013511e-01 4.013511e-01 4.013511e-01    0.1
 10 3.725679e-01 3.725679e-01 3.725679e-01    0.1
 11 3.280719e-01 3.280719e-01 3.280719e-01    0.1
 12 2.863092e-01 2.863092e-01 2.863092e-01    0.1
 13 2.498556e-01 2.498556e-01 2.498556e-01    0.1
 14 2.120109e-01 2.120109e-01 2.120109e-01    0.1
 15 1.805611e-01 1.805611e-01 1.805611e-01    0.1
 16 1.478035e-01 1.478035e-01 1.478035e-01    0.1
 17 1.210841e-01 1.210841e-01 1.210841e-01    0.1
 18 9.532326e-02 9.532326e-02 9.532326e-02    0.1
 19 7.287318e-02 7.287318e-02 7.287318e-02    0.1
 20 5.079166e-02 5.079166e-02 5.079166e-02    0.1
 21 3.507294e-02 3.507294e-02 3.507294e-02    0.1
 22 1.976542e-02 1.976542e-02 1.976542e-02    0.1
 23 5.590552e-03 5.590552e-03 5.590552e-03    0.1
