  bin left   bin right        dsig/dx
-------------------------------------
         0         0.1      0.000e+00
 1.000e-01   2.000e-01      0.000e+00
 2.000e-01   3.000e-01      0.000e+00
 3.000e-01   4.000e-01      0.000e+00
 4.000e-01   5.000e-01      0.000e+00
 5.000e-01   6.000e-01      0.000e+00
 6.000e-01   7.000e-01      0.000e+00
 7.000e-01   8.000e-01      0.000e+00
 8.000e-01   9.000e-01      0.000e+00
 9.000e-01   1.000e+00      0.000e+00
 1.000e+00   1.100e+00      0.000e+00
 1.100e+00   1.200e+00      0.000e+00
 1.200e+00   1.300e+00      0.000e+00
 1.300e+00   1.400e+00      6.683e+03
 1.400e+00   1.500e+00      0.000e+00
 1.500e+00   1.600e+00      0.000e+00
 1.600e+00   1.700e+00      0.000e+00
 1.700e+00   1.800e+00      0.000e+00
 1.800e+00   1.900e+00      0.000e+00
 1.900e+00   2.000e+00      0.000e+00
 2.000e+00   2.100e+00      0.000e+00
 2.100e+00   2.200e+00      0.000e+00
 2.200e+00   2.300e+00      0.000e+00
 2.300e+00   2.400e+00      0.000e+00
 
  bin left   bin right        dsig/dx
-------------------------------------
 0.000e+00   1.000e-01      6.683e+03
