idx   left  right    dsig/dx     dx
--- ----dim #0--- ------------ ------
  0      0    0.1 5.263109e-01    0.1
  1    0.1    0.2 5.254908e-01    0.1
  2    0.2    0.3 5.246824e-01    0.1
  3    0.3    0.4 5.188340e-01    0.1
  4    0.4    0.5 5.175482e-01    0.1
  5    0.5    0.6 5.008841e-01    0.1
  6    0.6    0.7 4.905325e-01    0.1
  7    0.7    0.8 4.675734e-01    0.1
  8    0.8    0.9 4.393159e-01    0.1
  9    0.9      1 3.992921e-01    0.1
 10      1    1.1 3.706801e-01    0.1
 11    1.1    1.2 3.264717e-01    0.1
 12    1.2    1.3 2.849345e-01    0.1
 13    1.3    1.4 2.486723e-01    0.1
 14    1.4    1.5 2.110419e-01    0.1
 15    1.5    1.6 1.797439e-01    0.1
 16    1.6    1.7 1.471492e-01    0.1
 17    1.7    1.8 1.205566e-01    0.1
 18    1.8    1.9 9.491625e-02    0.1
 19    1.9      2 7.255720e-02    0.1
 20      2    2.1 5.056967e-02    0.1
 21    2.1    2.2 3.491788e-02    0.1
 22    2.2    2.3 1.967518e-02    0.1
 23    2.3    2.4 5.565306e-03    0.1
