idx   left  right    dsig/dx     dx
--- ----dim #0--- ------------ ------
  0      0    0.1 5.293381e-01    0.1
  1    0.1    0.2 5.285057e-01    0.1
  2    0.2    0.3 5.276816e-01    0.1
  3    0.3    0.4 5.217755e-01    0.1
  4    0.4    0.5 5.204635e-01    0.1
  5    0.5    0.6 5.036694e-01    0.1
  6    0.6    0.7 4.932252e-01    0.1
  7    0.7    0.8 4.701121e-01    0.1
  8    0.8    0.9 4.416518e-01    0.1
  9    0.9      1 4.013511e-01    0.1
 10      1    1.1 3.725679e-01    0.1
 11    1.1    1.2 3.280719e-01    0.1
 12    1.2    1.3 2.863092e-01    0.1
 13    1.3    1.4 2.498556e-01    0.1
 14    1.4    1.5 2.120109e-01    0.1
 15    1.5    1.6 1.805611e-01    0.1
 16    1.6    1.7 1.478035e-01    0.1
 17    1.7    1.8 1.210841e-01    0.1
 18    1.8    1.9 9.532326e-02    0.1
 19    1.9      2 7.287318e-02    0.1
 20      2    2.1 5.079166e-02    0.1
 21    2.1    2.2 3.507294e-02    0.1
 22    2.2    2.3 1.976542e-02    0.1
 23    2.3    2.4 5.590552e-03    0.1
