idx  p-p c#0 l#0 p-p~ c#0 l#  p-d c#0 l#0       p-d       dx
--- ------------ ----------- ------------- ------------ ------
  0 5.263109e-01 5.263109e-01 5.263109e-01 5.263109e-01    0.1
  1 5.254908e-01 5.254908e-01 5.254908e-01 5.254908e-01    0.1
  2 5.246824e-01 5.246824e-01 5.246824e-01 5.246824e-01    0.1
  3 5.188340e-01 5.188340e-01 5.188340e-01 5.188340e-01    0.1
  4 5.175482e-01 5.175482e-01 5.175482e-01 5.175482e-01    0.1
  5 5.008841e-01 5.008841e-01 5.008841e-01 5.008841e-01    0.1
  6 4.905325e-01 4.905325e-01 4.905325e-01 4.905325e-01    0.1
  7 4.675734e-01 4.675734e-01 4.675734e-01 4.675734e-01    0.1
  8 4.393159e-01 4.393159e-01 4.393159e-01 4.393159e-01    0.1
  9 3.992921e-01 3.992921e-01 3.992921e-01 3.992921e-01    0.1
 10 3.706801e-01 3.706801e-01 3.706801e-01 3.706801e-01    0.1
 11 3.264717e-01 3.264717e-01 3.264717e-01 3.264717e-01    0.1
 12 2.849345e-01 2.849345e-01 2.849345e-01 2.849345e-01    0.1
 13 2.486723e-01 2.486723e-01 2.486723e-01 2.486723e-01    0.1
 14 2.110419e-01 2.110419e-01 2.110419e-01 2.110419e-01    0.1
 15 1.797439e-01 1.797439e-01 1.797439e-01 1.797439e-01    0.1
 16 1.471492e-01 1.471492e-01 1.471492e-01 1.471492e-01    0.1
 17 1.205566e-01 1.205566e-01 1.205566e-01 1.205566e-01    0.1
 18 9.491625e-02 9.491625e-02 9.491625e-02 9.491625e-02    0.1
 19 7.255720e-02 7.255720e-02 7.255720e-02 7.255720e-02    0.1
 20 5.056967e-02 5.056967e-02 5.056967e-02 5.056967e-02    0.1
 21 3.491788e-02 3.491788e-02 3.491788e-02 3.491788e-02    0.1
 22 1.967518e-02 1.967518e-02 1.967518e-02 1.967518e-02    0.1
 23 5.565306e-03 5.565306e-03 5.565306e-03 5.565306e-03    0.1
