       bin    sg idx    sg coordinates                         node values    weight value
       ---    ------    --------------    --------------------------------    ------------
         0     41020      (16, 20, 20)     (5442.31, 0.0305216, 0.0305216)    -4.93616e-07
         1     41020      (16, 20, 20)     (5442.31, 0.0305216, 0.0305216)     -4.5499e-08
         2     40971      (16, 19, 21)     (5442.31, 0.0434149, 0.0210892)    -4.10008e-08
         3     40971      (16, 19, 21)     (5442.31, 0.0434149, 0.0210892)    -2.78597e-07
         4     40971      (16, 19, 21)     (5442.31, 0.0434149, 0.0210892)    -2.01924e-07
         5     40922      (16, 18, 22)       (5442.31, 0.06048, 0.0143751)    -3.39322e-10
         6     40922      (16, 18, 22)       (5442.31, 0.06048, 0.0143751)    -8.43358e-08
         7     40922      (16, 18, 22)       (5442.31, 0.06048, 0.0143751)    -2.99247e-07
         8     40922      (16, 18, 22)       (5442.31, 0.06048, 0.0143751)     -1.5117e-07
         9     40872      (16, 17, 22)     (5442.31, 0.0822812, 0.0143751)    -9.95013e-11
        10     40873      (16, 17, 23)    (5442.31, 0.0822812, 0.00969916)    -1.30578e-07
        11     40873      (16, 17, 23)    (5442.31, 0.0822812, 0.00969916)    -2.55869e-07
        12     40823      (16, 16, 23)     (5442.31, 0.109144, 0.00969916)     -1.0823e-09
        13     40823      (16, 16, 23)     (5442.31, 0.109144, 0.00969916)    -4.22686e-09
        14     40824      (16, 16, 24)     (5442.31, 0.109144, 0.00649621)    -1.68149e-07
        15     40774      (16, 15, 24)     (5442.31, 0.141121, 0.00649621)    -7.58702e-10
        16     40774      (16, 15, 24)     (5442.31, 0.141121, 0.00649621)    -2.41887e-08
        17     40774      (16, 15, 24)     (5442.31, 0.141121, 0.00649621)    -8.83139e-09
        18     40725      (16, 14, 25)      (5442.31, 0.178026, 0.0043285)    -1.14932e-09
        19     40725      (16, 14, 25)      (5442.31, 0.178026, 0.0043285)    -3.03857e-08
        20     40725      (16, 14, 25)      (5442.31, 0.178026, 0.0043285)    -2.66414e-08
        21     40675      (16, 13, 25)      (5442.31, 0.219504, 0.0043285)    -3.60243e-10
        22     40676      (16, 13, 26)     (5442.31, 0.219504, 0.00287387)    -1.22785e-08
        23     40626      (16, 12, 26)     (5442.31, 0.265114, 0.00287387)    -7.04493e-11
